
> aihealz@0.1.0 build
> next build

Γû▓ Next.js 16.1.6 (Turbopack)
- Experiments (use with caution):
  ┬╖ optimizePackageImports

ΓÜá The "middleware" file convention is deprecated. Please use "proxy" instead. Learn more: https://nextjs.org/docs/messages/middleware-to-proxy
  Creating an optimized production build ...
Γ£ô Compiled successfully in 12.2s
  Running TypeScript ...
Failed to compile.

./src/app/api/admin/conditions/search/route.ts:3:10
Type error: Module '"@prisma/client"' has no exported member 'Prisma'.

  1 | import { NextRequest, NextResponse } from 'next/server';
  2 | import prisma from '@/lib/db';
> 3 | import { Prisma } from '@prisma/client';
    |          ^
  4 | import { checkAdminAuth, unauthorizedResponse } from '@/lib/admin-auth';
  5 |
  6 | /**
Next.js build worker exited with code: 1 and signal: null
